14/11/2013 08:21:08 p.m. Se conecto con ip:127.0.0.1
14/11/2013 08:21:09 p.m. Transportó a SHAK hacia Mapa1 X:56 Y:48
14/11/2013 08:21:12 p.m. Transportó a SHAK hacia Mapa1 X:55 Y:46
15/11/2013 02:44:02 p.m. Se conecto con ip:127.0.0.1
15/11/2013 02:45:35 p.m. Se conecto con ip:127.0.0.1
15/11/2013 02:45:57 p.m. Se conecto con ip:127.0.0.1
15/11/2013 02:46:01 p.m. Se conecto con ip:127.0.0.1
15/11/2013 02:49:37 p.m. Se conecto con ip:127.0.0.1
15/11/2013 02:49:40 p.m. Transportó a SHAK hacia Mapa286 X:46 Y:62
15/11/2013 02:49:42 p.m. Utilizó un teleport hacia el mapa 34 (44,88)
15/11/2013 02:49:48 p.m. Transportó a SHAK hacia Mapa34 X:39 Y:67
15/11/2013 02:49:48 p.m. Transportó a SHAK hacia Mapa34 X:34 Y:62
15/11/2013 02:49:48 p.m. Transportó a SHAK hacia Mapa34 X:31 Y:59
15/11/2013 02:49:48 p.m. Transportó a SHAK hacia Mapa34 X:29 Y:64
15/11/2013 02:49:49 p.m. Transportó a SHAK hacia Mapa34 X:28 Y:60
15/11/2013 02:49:53 p.m. Se conecto con ip:127.0.0.1
15/11/2013 02:57:41 p.m. Se conecto con ip:127.0.0.1
15/11/2013 02:57:43 p.m. Transportó a SHAK hacia Mapa34 X:26 Y:64
15/11/2013 02:57:47 p.m. Transportó a SHAK hacia Mapa34 X:31 Y:55
15/11/2013 02:57:47 p.m. Transportó a SHAK hacia Mapa34 X:33 Y:52
15/11/2013 02:57:48 p.m. Transportó a SHAK hacia Mapa34 X:34 Y:56
15/11/2013 02:57:48 p.m. Transportó a SHAK hacia Mapa34 X:34 Y:61
15/11/2013 03:03:23 p.m. Se conecto con ip:127.0.0.1
15/11/2013 03:03:24 p.m. Transportó a Shak hacia Mapa34 X:29 Y:71
15/11/2013 03:03:27 p.m. Transportó a Shak hacia Mapa34 X:28 Y:67
15/11/2013 03:03:27 p.m. Transportó a Shak hacia Mapa34 X:35 Y:62
15/11/2013 03:03:28 p.m. Transportó a Shak hacia Mapa34 X:41 Y:58
15/11/2013 03:03:28 p.m. Transportó a Shak hacia Mapa34 X:40 Y:55
15/11/2013 03:03:34 p.m. Transportó a Shak hacia Mapa34 X:33 Y:64
15/11/2013 03:03:34 p.m. Transportó a Shak hacia Mapa34 X:31 Y:70
15/11/2013 03:03:34 p.m. Transportó a Shak hacia Mapa34 X:29 Y:75
15/11/2013 03:03:35 p.m. Transportó a Shak hacia Mapa34 X:23 Y:80
15/11/2013 03:03:36 p.m. Transportó a Shak hacia Mapa34 X:22 Y:85
15/11/2013 03:03:36 p.m. Transportó a Shak hacia Mapa34 X:17 Y:89
15/11/2013 03:03:37 p.m. Transportó a Shak hacia Mapa34 X:13 Y:90
15/11/2013 03:03:37 p.m. Utilizó un teleport hacia el mapa 45 (11,83)
15/11/2013 03:03:38 p.m. Transportó a Shak hacia Mapa45 X:19 Y:77
15/11/2013 03:03:38 p.m. Transportó a Shak hacia Mapa45 X:27 Y:72
15/11/2013 03:03:38 p.m. Transportó a Shak hacia Mapa45 X:32 Y:71
15/11/2013 03:03:39 p.m. Transportó a Shak hacia Mapa45 X:39 Y:75
15/11/2013 03:03:39 p.m. Transportó a Shak hacia Mapa45 X:44 Y:73
15/11/2013 03:03:39 p.m. Transportó a Shak hacia Mapa45 X:49 Y:71
15/11/2013 03:03:40 p.m. Transportó a Shak hacia Mapa45 X:55 Y:69
15/11/2013 03:03:40 p.m. Transportó a Shak hacia Mapa45 X:61 Y:70
15/11/2013 03:03:40 p.m. Transportó a Shak hacia Mapa45 X:65 Y:74
15/11/2013 03:03:40 p.m. Transportó a Shak hacia Mapa45 X:60 Y:75
15/11/2013 03:13:58 p.m. Se conecto con ip:127.0.0.1
15/11/2013 03:14:10 p.m. Mensaje a mapa 45:Hola a todos petes
15/11/2013 03:14:11 p.m. Transportó a Shak hacia Mapa45 X:31 Y:76
15/11/2013 03:14:12 p.m. Transportó a Shak hacia Mapa45 X:26 Y:78
15/11/2013 03:14:12 p.m. Transportó a Shak hacia Mapa45 X:20 Y:76
15/11/2013 03:14:13 p.m. Transportó a Shak hacia Mapa45 X:13 Y:77
15/11/2013 03:14:13 p.m. Transportó a Shak hacia Mapa45 X:11 Y:79
15/11/2013 03:14:14 p.m. Utilizó un teleport hacia el mapa 34 (13,91)
15/11/2013 03:14:16 p.m. Transportó a Shak hacia Mapa34 X:21 Y:83
15/11/2013 03:14:16 p.m. Transportó a Shak hacia Mapa34 X:25 Y:78
15/11/2013 03:14:16 p.m. Transportó a Shak hacia Mapa34 X:28 Y:74
15/11/2013 03:14:17 p.m. Transportó a Shak hacia Mapa34 X:29 Y:69
15/11/2013 03:14:17 p.m. Transportó a Shak hacia Mapa34 X:30 Y:66
15/11/2013 03:14:17 p.m. Transportó a Shak hacia Mapa34 X:27 Y:63
15/11/2013 03:14:17 p.m. Transportó a Shak hacia Mapa34 X:24 Y:59
15/11/2013 03:14:21 p.m. Transportó a Shak hacia Mapa34 X:34 Y:56
15/11/2013 03:14:22 p.m. Transportó a Shak hacia Mapa34 X:36 Y:53
15/11/2013 03:14:22 p.m. Transportó a Shak hacia Mapa34 X:38 Y:49
15/11/2013 03:16:02 p.m. Se conecto con ip:127.0.0.1
15/11/2013 03:16:03 p.m. Transportó a SHAK hacia Mapa34 X:36 Y:51
15/11/2013 03:16:15 p.m. /MOD POSS 1 50 BARTOLOME
15/11/2013 03:16:27 p.m. /MOD POSS 1-50-56  BARTOLOME
15/11/2013 03:17:46 p.m. Transportó a SHAK hacia Mapa34 X:32 Y:58
15/11/2013 03:17:46 p.m. Transportó a SHAK hacia Mapa34 X:29 Y:63
15/11/2013 03:17:46 p.m. Transportó a SHAK hacia Mapa34 X:26 Y:68
16/11/2013 06:27:11 p.m. Se conecto con ip:127.0.0.1
16/11/2013 06:27:17 p.m. /INVISIBLE
16/11/2013 06:27:18 p.m. Transportó a Shak hacia Mapa34 X:32 Y:68
16/11/2013 06:27:19 p.m. Transportó a Shak hacia Mapa34 X:34 Y:70
16/11/2013 06:27:28 p.m. Transportó a Shak hacia Mapa34 X:30 Y:48
16/11/2013 06:27:28 p.m. Transportó a Shak hacia Mapa34 X:26 Y:47
16/11/2013 06:27:29 p.m. Transportó a Shak hacia Mapa34 X:22 Y:45
16/11/2013 06:27:48 p.m. Transportó a Shak hacia Mapa34 X:25 Y:53
16/11/2013 06:27:48 p.m. Transportó a Shak hacia Mapa34 X:33 Y:54
16/11/2013 06:27:48 p.m. Transportó a Shak hacia Mapa34 X:41 Y:55
16/11/2013 06:27:49 p.m. Transportó a Shak hacia Mapa34 X:46 Y:50
16/11/2013 06:27:49 p.m. Transportó a Shak hacia Mapa34 X:50 Y:45
16/11/2013 06:28:03 p.m. Transportó a Shak hacia Mapa34 X:49 Y:41
16/11/2013 06:28:04 p.m. Transportó a Shak hacia Mapa34 X:56 Y:37
16/11/2013 06:28:04 p.m. Transportó a Shak hacia Mapa34 X:64 Y:33
16/11/2013 06:28:09 p.m. Transportó a Shak hacia Mapa34 X:74 Y:30
16/11/2013 06:28:23 p.m. /MOD ORO 4000000  shak
16/11/2013 06:28:29 p.m. Transportó a Shak hacia Mapa34 X:71 Y:34
16/11/2013 06:28:30 p.m. Transportó a Shak hacia Mapa34 X:67 Y:38
16/11/2013 06:28:31 p.m. Transportó a Shak hacia Mapa34 X:60 Y:43
16/11/2013 06:28:31 p.m. Transportó a Shak hacia Mapa34 X:56 Y:48
16/11/2013 06:28:32 p.m. Transportó a Shak hacia Mapa34 X:52 Y:53
16/11/2013 06:28:32 p.m. Transportó a Shak hacia Mapa34 X:48 Y:54
16/11/2013 06:28:32 p.m. Transportó a Shak hacia Mapa34 X:44 Y:58
16/11/2013 06:28:32 p.m. Transportó a Shak hacia Mapa34 X:40 Y:62
16/11/2013 06:28:32 p.m. Transportó a Shak hacia Mapa34 X:37 Y:66
16/11/2013 06:28:33 p.m. Transportó a Shak hacia Mapa34 X:33 Y:70
16/11/2013 06:28:33 p.m. Transportó a Shak hacia Mapa34 X:31 Y:74
16/11/2013 06:28:33 p.m. Transportó a Shak hacia Mapa34 X:27 Y:74
16/11/2013 06:28:35 p.m. /CI: 129
16/11/2013 06:28:36 p.m. Agarro:100 Objeto:Hacha de Guerra Dos Filos
16/11/2013 06:28:38 p.m. /CI: 130
16/11/2013 06:28:39 p.m. Agarro:100 Objeto:Escudo de Plata
16/11/2013 06:28:41 p.m. Transportó a Shak hacia Mapa34 X:26 Y:71
16/11/2013 06:28:51 p.m. Transportó a Shak hacia Mapa34 X:27 Y:79
16/11/2013 06:28:51 p.m. Transportó a Shak hacia Mapa34 X:27 Y:83
16/11/2013 06:28:52 p.m. Transportó a Shak hacia Mapa34 X:24 Y:88
16/11/2013 06:28:52 p.m. Transportó a Shak hacia Mapa34 X:18 Y:92
16/11/2013 06:28:52 p.m. Utilizó un teleport hacia el mapa 45 (11,83)
16/11/2013 06:28:52 p.m. Transportó a Shak hacia Mapa34 X:12 Y:89
16/11/2013 06:28:53 p.m. Transportó a Shak hacia Mapa45 X:17 Y:78
16/11/2013 06:28:54 p.m. Transportó a Shak hacia Mapa45 X:23 Y:76
16/11/2013 06:29:46 p.m. Transportó a Shak hacia Mapa45 X:29 Y:72
16/11/2013 06:29:46 p.m. Transportó a Shak hacia Mapa45 X:35 Y:68
16/11/2013 06:29:46 p.m. Transportó a Shak hacia Mapa45 X:41 Y:66
16/11/2013 06:29:47 p.m. Transportó a Shak hacia Mapa45 X:47 Y:66
16/11/2013 06:29:47 p.m. Transportó a Shak hacia Mapa45 X:42 Y:62
16/11/2013 06:29:47 p.m. Transportó a Shak hacia Mapa45 X:36 Y:58
16/11/2013 06:30:17 p.m. /MOD EXP 999999  shak
16/11/2013 06:30:30 p.m. /MOD CLASE guerrero  shak
16/11/2013 06:30:54 p.m. Transportó a Shak hacia Mapa45 X:40 Y:47
16/11/2013 06:30:54 p.m. Transportó a Shak hacia Mapa45 X:46 Y:51
16/11/2013 06:30:54 p.m. Transportó a Shak hacia Mapa45 X:51 Y:55
16/11/2013 06:30:54 p.m. Transportó a Shak hacia Mapa45 X:54 Y:60
16/11/2013 06:30:54 p.m. Transportó a Shak hacia Mapa45 X:52 Y:65
16/11/2013 06:30:55 p.m. Transportó a Shak hacia Mapa45 X:48 Y:70
16/11/2013 06:30:55 p.m. Transportó a Shak hacia Mapa45 X:46 Y:76
16/11/2013 06:30:55 p.m. Transportó a Shak hacia Mapa45 X:41 Y:76
16/11/2013 06:30:55 p.m. Transportó a Shak hacia Mapa45 X:36 Y:76
16/11/2013 06:30:56 p.m. Transportó a Shak hacia Mapa45 X:31 Y:77
16/11/2013 06:30:56 p.m. Transportó a Shak hacia Mapa45 X:26 Y:79
16/11/2013 06:30:56 p.m. Transportó a Shak hacia Mapa45 X:21 Y:80
16/11/2013 06:30:56 p.m. Transportó a Shak hacia Mapa45 X:16 Y:80
16/11/2013 06:30:56 p.m. Transportó a Shak hacia Mapa45 X:10 Y:79
16/11/2013 06:30:57 p.m. Transportó a Shak hacia Mapa45 X:11 Y:83
16/11/2013 06:30:57 p.m. Utilizó un teleport hacia el mapa 34 (13,91)
16/11/2013 06:30:57 p.m. Transportó a Shak hacia Mapa34 X:19 Y:89
16/11/2013 06:30:58 p.m. Transportó a Shak hacia Mapa34 X:25 Y:85
16/11/2013 06:30:58 p.m. Transportó a Shak hacia Mapa34 X:31 Y:81
16/11/2013 06:30:58 p.m. Transportó a Shak hacia Mapa34 X:34 Y:75
16/11/2013 06:30:58 p.m. Transportó a Shak hacia Mapa34 X:35 Y:69
16/11/2013 06:30:58 p.m. Transportó a Shak hacia Mapa34 X:30 Y:68
16/11/2013 06:30:59 p.m. Transportó a Shak hacia Mapa34 X:26 Y:72
16/11/2013 06:31:00 p.m. Transportó a Shak hacia Mapa34 X:32 Y:66
16/11/2013 06:31:00 p.m. Transportó a Shak hacia Mapa34 X:39 Y:60
16/11/2013 06:31:01 p.m. Transportó a Shak hacia Mapa34 X:40 Y:55
16/11/2013 06:31:01 p.m. Transportó a Shak hacia Mapa34 X:46 Y:52
16/11/2013 06:31:05 p.m. Transportó a Shak hacia Mapa34 X:41 Y:52
16/11/2013 06:31:05 p.m. Transportó a Shak hacia Mapa34 X:35 Y:56
16/11/2013 06:41:22 p.m. Se conecto con ip:127.0.0.1
16/11/2013 06:41:26 p.m. /INVISIBLE
16/11/2013 06:41:29 p.m. Transportó a SHAK hacia Mapa34 X:35 Y:59
16/11/2013 06:41:58 p.m. Transportó a SHAK hacia Mapa34 X:28 Y:60
16/11/2013 06:41:58 p.m. Transportó a SHAK hacia Mapa34 X:21 Y:65
16/11/2013 06:41:59 p.m. Transportó a SHAK hacia Mapa34 X:15 Y:67
16/11/2013 06:42:00 p.m. Transportó a SHAK hacia Mapa34 X:19 Y:66
16/11/2013 06:42:00 p.m. Transportó a SHAK hacia Mapa34 X:21 Y:70
16/11/2013 06:42:01 p.m. Transportó a SHAK hacia Mapa34 X:22 Y:75
16/11/2013 06:42:01 p.m. Transportó a SHAK hacia Mapa34 X:27 Y:74
16/11/2013 06:42:02 p.m. Transportó a SHAK hacia Mapa34 X:32 Y:74
16/11/2013 06:42:02 p.m. Transportó a SHAK hacia Mapa34 X:37 Y:75
16/11/2013 06:42:02 p.m. Transportó a SHAK hacia Mapa34 X:40 Y:76
16/11/2013 06:42:08 p.m. Transportó a SHAK hacia Mapa34 X:45 Y:69
16/11/2013 06:42:08 p.m. Transportó a SHAK hacia Mapa34 X:50 Y:64
16/11/2013 06:42:08 p.m. Transportó a SHAK hacia Mapa34 X:56 Y:62
16/11/2013 06:42:09 p.m. Transportó a SHAK hacia Mapa34 X:60 Y:63
16/11/2013 06:42:09 p.m. Transportó a SHAK hacia Mapa34 X:63 Y:60
16/11/2013 06:42:12 p.m. Transportó a SHAK hacia Mapa34 X:63 Y:54
16/11/2013 06:42:13 p.m. Transportó a SHAK hacia Mapa34 X:70 Y:54
16/11/2013 06:42:14 p.m. Transportó a SHAK hacia Mapa34 X:76 Y:53
16/11/2013 06:42:14 p.m. Transportó a SHAK hacia Mapa34 X:83 Y:51
16/11/2013 06:42:14 p.m. Transportó a SHAK hacia Mapa34 X:76 Y:51
16/11/2013 06:42:15 p.m. Transportó a SHAK hacia Mapa34 X:73 Y:46
16/11/2013 06:42:15 p.m. Transportó a SHAK hacia Mapa34 X:68 Y:44
16/11/2013 06:42:15 p.m. Transportó a SHAK hacia Mapa34 X:63 Y:47
16/11/2013 06:42:15 p.m. Transportó a SHAK hacia Mapa34 X:60 Y:52
16/11/2013 06:42:32 p.m. Transportó a SHAK hacia Mapa34 X:58 Y:48
16/11/2013 06:42:32 p.m. Transportó a SHAK hacia Mapa34 X:54 Y:47
16/11/2013 06:42:32 p.m. Transportó a SHAK hacia Mapa34 X:51 Y:45
16/11/2013 06:42:34 p.m. Transportó a SHAK hacia Mapa34 X:43 Y:44
16/11/2013 06:42:35 p.m. Transportó a SHAK hacia Mapa34 X:41 Y:39
16/11/2013 06:42:35 p.m. Transportó a SHAK hacia Mapa34 X:41 Y:34
16/11/2013 06:42:36 p.m. Transportó a SHAK hacia Mapa34 X:40 Y:31
16/11/2013 06:42:39 p.m. Transportó a SHAK hacia Mapa34 X:36 Y:32
16/11/2013 06:42:39 p.m. Transportó a SHAK hacia Mapa34 X:31 Y:34
16/11/2013 06:42:39 p.m. Transportó a SHAK hacia Mapa34 X:30 Y:32
16/11/2013 06:42:41 p.m. Transportó a SHAK hacia Mapa34 X:32 Y:26
16/11/2013 06:42:41 p.m. Transportó a SHAK hacia Mapa34 X:32 Y:21
16/11/2013 06:42:42 p.m. Transportó a SHAK hacia Mapa34 X:28 Y:19
16/11/2013 06:42:42 p.m. Transportó a SHAK hacia Mapa34 X:24 Y:19
16/11/2013 06:42:42 p.m. Transportó a SHAK hacia Mapa34 X:18 Y:22
16/11/2013 06:42:43 p.m. Transportó a SHAK hacia Mapa34 X:18 Y:21
16/11/2013 06:42:43 p.m. Transportó a SHAK hacia Mapa34 X:18 Y:17
16/11/2013 06:42:43 p.m. Transportó a SHAK hacia Mapa34 X:19 Y:13
16/11/2013 06:42:43 p.m. Transportó a SHAK hacia Mapa34 X:19 Y:9
16/11/2013 06:42:44 p.m. Transportó a SHAK hacia Mapa34 X:14 Y:12
16/11/2013 06:42:45 p.m. Transportó a SHAK hacia Mapa34 X:10 Y:18
16/11/2013 06:43:13 p.m. Transportó a SHAK hacia Mapa34 X:18 Y:28
16/11/2013 06:43:13 p.m. Transportó a SHAK hacia Mapa34 X:20 Y:31
16/11/2013 06:43:13 p.m. Transportó a SHAK hacia Mapa34 X:21 Y:34
16/11/2013 06:43:13 p.m. Transportó a SHAK hacia Mapa34 X:20 Y:38
16/11/2013 06:43:14 p.m. Transportó a SHAK hacia Mapa34 X:16 Y:42
16/11/2013 06:43:14 p.m. Transportó a SHAK hacia Mapa34 X:13 Y:46
16/11/2013 06:43:14 p.m. Transportó a SHAK hacia Mapa34 X:12 Y:50
16/11/2013 06:43:14 p.m. Transportó a SHAK hacia Mapa34 X:14 Y:55
16/11/2013 06:43:15 p.m. Transportó a SHAK hacia Mapa34 X:17 Y:60
16/11/2013 06:43:16 p.m. Transportó a SHAK hacia Mapa34 X:20 Y:65
16/11/2013 06:43:16 p.m. Transportó a SHAK hacia Mapa34 X:24 Y:71
16/11/2013 06:43:27 p.m. Sumoneo Lord Zombie
16/11/2013 06:43:27 p.m. Sumoneo Lord Zombie
16/11/2013 06:43:27 p.m. Sumoneo Lord Zombie
16/11/2013 06:43:27 p.m. Sumoneo Lord Zombie
16/11/2013 06:43:27 p.m. Sumoneo Lord Zombie
16/11/2013 06:43:28 p.m. Sumoneo Dragón Rojo
16/11/2013 06:43:28 p.m. Sumoneo Dragón Rojo
16/11/2013 06:43:28 p.m. Sumoneo Dragón Rojo
16/11/2013 06:43:28 p.m. Sumoneo Dragón Rojo
16/11/2013 06:43:28 p.m. Sumoneo Dragón Rojo
16/11/2013 06:43:29 p.m. Sumoneo Esqueleto
16/11/2013 06:43:29 p.m. Sumoneo Esqueleto
16/11/2013 06:43:29 p.m. Sumoneo Esqueleto
16/11/2013 06:43:29 p.m. Sumoneo Esqueleto
16/11/2013 06:43:29 p.m. Sumoneo Esqueleto
16/11/2013 06:43:31 p.m. Sumoneo Ogro
16/11/2013 06:43:31 p.m. Sumoneo Ogro
16/11/2013 06:43:31 p.m. Sumoneo Ogro
16/11/2013 06:43:31 p.m. Sumoneo Ogro
16/11/2013 06:43:32 p.m. Sumoneo Duende
16/11/2013 06:43:32 p.m. Sumoneo Duende
16/11/2013 06:43:32 p.m. Sumoneo Duende
16/11/2013 06:43:32 p.m. Sumoneo Duende
16/11/2013 06:43:32 p.m. Sumoneo Duende
16/11/2013 06:43:32 p.m. Sumoneo Duende
16/11/2013 06:43:32 p.m. Sumoneo Duende
16/11/2013 06:43:33 p.m. Sumoneo Orco
16/11/2013 06:43:33 p.m. Sumoneo Orco
16/11/2013 06:43:33 p.m. Sumoneo Orco
16/11/2013 06:43:33 p.m. Sumoneo Orco
16/11/2013 06:43:33 p.m. Sumoneo Orco
16/11/2013 06:43:33 p.m. Sumoneo Orco
16/11/2013 06:43:34 p.m. Sumoneo Orco
16/11/2013 06:43:35 p.m. Sumoneo Duende
16/11/2013 06:43:35 p.m. Sumoneo Duende
16/11/2013 06:43:35 p.m. Sumoneo Duende
16/11/2013 06:43:35 p.m. Sumoneo Duende
16/11/2013 06:43:35 p.m. Sumoneo Duende
16/11/2013 06:43:35 p.m. Sumoneo Duende
16/11/2013 06:43:35 p.m. Sumoneo Duende
16/11/2013 06:43:36 p.m. Sumoneo Hormiga Gigante
16/11/2013 06:43:36 p.m. Sumoneo Hormiga Gigante
16/11/2013 06:43:36 p.m. Sumoneo Hormiga Gigante
16/11/2013 06:43:36 p.m. Sumoneo Hormiga Gigante
16/11/2013 06:43:36 p.m. Sumoneo Hormiga Gigante
16/11/2013 06:43:36 p.m. Sumoneo Hormiga Gigante
16/11/2013 06:43:36 p.m. Sumoneo Hormiga Gigante
16/11/2013 06:43:37 p.m. Sumoneo Beholder
16/11/2013 06:43:37 p.m. Sumoneo Beholder
16/11/2013 06:43:37 p.m. Sumoneo Beholder
16/11/2013 06:43:37 p.m. Sumoneo Beholder
16/11/2013 06:43:37 p.m. Sumoneo Beholder
16/11/2013 06:43:37 p.m. Sumoneo Beholder
16/11/2013 06:43:37 p.m. Sumoneo Beholder
16/11/2013 06:43:38 p.m. Sumoneo Beholder
16/11/2013 06:43:38 p.m. Sumoneo Beholder
16/11/2013 06:43:38 p.m. Sumoneo Beholder
16/11/2013 06:43:38 p.m. Sumoneo Beholder
16/11/2013 06:43:38 p.m. Sumoneo Beholder
16/11/2013 06:43:38 p.m. Sumoneo Beholder
16/11/2013 06:43:38 p.m. Sumoneo Beholder
16/11/2013 06:43:38 p.m. Sumoneo Beholder
16/11/2013 06:43:38 p.m. Sumoneo Beholder
16/11/2013 06:43:38 p.m. Sumoneo Beholder
16/11/2013 06:43:39 p.m. Sumoneo Ogro
16/11/2013 06:43:39 p.m. Sumoneo Ogro
16/11/2013 06:43:39 p.m. Sumoneo Ogro
16/11/2013 06:43:39 p.m. Sumoneo Ogro
16/11/2013 06:43:39 p.m. Sumoneo Ogro
16/11/2013 06:43:40 p.m. Sumoneo Ogro
16/11/2013 06:43:40 p.m. Sumoneo Ogro
16/11/2013 06:43:40 p.m. Sumoneo Ogro
16/11/2013 06:43:40 p.m. Sumoneo Ogro
16/11/2013 06:43:40 p.m. Sumoneo Ogro
16/11/2013 06:43:40 p.m. Sumoneo Ogro
16/11/2013 06:43:40 p.m. Sumoneo Ogro
16/11/2013 06:43:40 p.m. Sumoneo Ogro
16/11/2013 06:43:40 p.m. Sumoneo Ogro
16/11/2013 06:43:40 p.m. Sumoneo Ogro
16/11/2013 06:43:40 p.m. Sumoneo Ogro
16/11/2013 06:43:40 p.m. Sumoneo Ogro
16/11/2013 06:43:41 p.m. Sumoneo Ogro
16/11/2013 06:43:41 p.m. Sumoneo Ogro
16/11/2013 06:43:41 p.m. Sumoneo Ogro
16/11/2013 06:43:41 p.m. Sumoneo Ogro
16/11/2013 06:43:42 p.m. Sumoneo Orco
16/11/2013 06:43:42 p.m. Sumoneo Orco
16/11/2013 06:43:42 p.m. Sumoneo Orco
16/11/2013 06:43:42 p.m. Sumoneo Orco
16/11/2013 06:43:42 p.m. Sumoneo Orco
16/11/2013 06:43:42 p.m. Sumoneo Orco
16/11/2013 06:43:42 p.m. Sumoneo Orco
16/11/2013 06:43:42 p.m. Sumoneo Orco
16/11/2013 06:43:42 p.m. Sumoneo Orco
16/11/2013 06:43:43 p.m. Sumoneo Orco
16/11/2013 06:43:43 p.m. Sumoneo Orco
16/11/2013 06:43:43 p.m. Sumoneo Orco
16/11/2013 06:43:43 p.m. Sumoneo Orco
16/11/2013 06:43:43 p.m. Sumoneo Orco
16/11/2013 06:43:43 p.m. Sumoneo Orco
16/11/2013 06:43:43 p.m. Sumoneo Orco
16/11/2013 06:43:43 p.m. Sumoneo Orco
16/11/2013 06:43:43 p.m. Sumoneo Orco
16/11/2013 06:43:43 p.m. Sumoneo Orco
16/11/2013 06:43:43 p.m. Sumoneo Orco
16/11/2013 06:43:44 p.m. Sumoneo Orco
16/11/2013 06:43:44 p.m. Sumoneo Orco
16/11/2013 06:43:44 p.m. Sumoneo Orco
16/11/2013 06:43:44 p.m. Sumoneo Orco
16/11/2013 06:43:44 p.m. Sumoneo Orco
16/11/2013 06:43:44 p.m. Sumoneo Orco
16/11/2013 06:43:44 p.m. Sumoneo Orco
16/11/2013 06:43:44 p.m. Sumoneo Orco
16/11/2013 06:43:44 p.m. Sumoneo Orco
16/11/2013 06:43:45 p.m. Sumoneo Lord Zombie
16/11/2013 06:43:45 p.m. Sumoneo Lord Zombie
16/11/2013 06:43:46 p.m. Sumoneo Lord Zombie
16/11/2013 06:43:46 p.m. Sumoneo Lord Zombie
16/11/2013 06:43:46 p.m. Sumoneo Lord Zombie
16/11/2013 06:43:46 p.m. Sumoneo Lord Zombie
16/11/2013 06:43:46 p.m. Sumoneo Lord Zombie
16/11/2013 06:43:46 p.m. Sumoneo Lord Zombie
16/11/2013 06:43:46 p.m. Sumoneo Lord Zombie
16/11/2013 06:43:46 p.m. Sumoneo Lord Zombie
16/11/2013 06:43:46 p.m. Sumoneo Lord Zombie
16/11/2013 06:43:46 p.m. Sumoneo Lord Zombie
16/11/2013 06:43:46 p.m. Sumoneo Lord Zombie
16/11/2013 06:43:47 p.m. Sumoneo Esqueleto Guerrero
16/11/2013 06:43:48 p.m. Sumoneo Esqueleto Guerrero
16/11/2013 06:43:48 p.m. Sumoneo Esqueleto Guerrero
16/11/2013 06:43:48 p.m. Sumoneo Esqueleto Guerrero
16/11/2013 06:43:48 p.m. Sumoneo Esqueleto Guerrero
16/11/2013 06:43:48 p.m. Sumoneo Esqueleto Guerrero
16/11/2013 06:43:48 p.m. Sumoneo Esqueleto Guerrero
16/11/2013 06:43:48 p.m. Sumoneo Esqueleto Guerrero
16/11/2013 06:43:48 p.m. Sumoneo Esqueleto Guerrero
16/11/2013 06:43:48 p.m. Sumoneo Esqueleto Guerrero
16/11/2013 06:43:48 p.m. Sumoneo Esqueleto Guerrero
16/11/2013 06:43:49 p.m. Sumoneo Esqueleto Guerrero
16/11/2013 06:43:50 p.m. Sumoneo Dragón Rojo
16/11/2013 06:43:50 p.m. Sumoneo Dragón Rojo
16/11/2013 06:43:50 p.m. Sumoneo Dragón Rojo
16/11/2013 06:43:50 p.m. Sumoneo Dragón Rojo
16/11/2013 06:43:50 p.m. Sumoneo Dragón Rojo
16/11/2013 06:43:50 p.m. Sumoneo Dragón Rojo
16/11/2013 06:43:50 p.m. Sumoneo Dragón Rojo
16/11/2013 06:43:50 p.m. Sumoneo Dragón Rojo
16/11/2013 06:43:50 p.m. Sumoneo Dragón Rojo
16/11/2013 06:43:51 p.m. Sumoneo Dragón Rojo
16/11/2013 06:43:51 p.m. Sumoneo Dragón Rojo
16/11/2013 06:43:51 p.m. Sumoneo Dragón Rojo
16/11/2013 06:43:53 p.m. Sumoneo Araña Gigante
16/11/2013 06:43:53 p.m. Sumoneo Araña Gigante
16/11/2013 06:43:53 p.m. Sumoneo Araña Gigante
16/11/2013 06:43:53 p.m. Sumoneo Araña Gigante
16/11/2013 06:43:53 p.m. Sumoneo Araña Gigante
16/11/2013 06:43:53 p.m. Sumoneo Araña Gigante
16/11/2013 06:43:53 p.m. Sumoneo Araña Gigante
16/11/2013 06:43:53 p.m. Sumoneo Araña Gigante
16/11/2013 06:43:53 p.m. Sumoneo Araña Gigante
16/11/2013 06:43:53 p.m. Sumoneo Araña Gigante
16/11/2013 06:43:54 p.m. Sumoneo Araña Gigante
16/11/2013 06:43:54 p.m. Sumoneo Araña Gigante
16/11/2013 06:43:54 p.m. Sumoneo Araña Gigante
16/11/2013 06:43:54 p.m. Sumoneo Araña Gigante
16/11/2013 06:43:54 p.m. Sumoneo Araña Gigante
16/11/2013 06:43:54 p.m. Sumoneo Araña Gigante
16/11/2013 06:43:54 p.m. Sumoneo Araña Gigante
16/11/2013 06:43:54 p.m. Sumoneo Araña Gigante
16/11/2013 06:43:54 p.m. Sumoneo Araña Gigante
16/11/2013 06:43:54 p.m. Sumoneo Araña Gigante
16/11/2013 06:43:55 p.m. Sumoneo Araña Gigante
16/11/2013 06:43:55 p.m. Sumoneo Araña Gigante
16/11/2013 06:43:55 p.m. Sumoneo Araña Gigante
16/11/2013 06:43:56 p.m. Transportó a SHAK hacia Mapa34 X:22 Y:66
16/11/2013 06:43:56 p.m. Transportó a SHAK hacia Mapa34 X:29 Y:65
16/11/2013 06:43:57 p.m. Transportó a SHAK hacia Mapa34 X:24 Y:67
16/11/2013 06:44:01 p.m. /INVISIBLE
16/11/2013 06:44:13 p.m. Transportó a SHAK hacia Mapa34 X:24 Y:67
16/11/2013 06:44:13 p.m. Transportó a SHAK hacia Mapa34 X:24 Y:67
16/11/2013 06:44:13 p.m. Transportó a SHAK hacia Mapa34 X:23 Y:67
16/11/2013 06:44:14 p.m. Transportó a SHAK hacia Mapa34 X:22 Y:67
16/11/2013 06:44:14 p.m. Transportó a SHAK hacia Mapa34 X:24 Y:67
16/11/2013 06:44:14 p.m. Transportó a SHAK hacia Mapa34 X:25 Y:67
16/11/2013 06:44:14 p.m. Transportó a SHAK hacia Mapa34 X:25 Y:66
16/11/2013 06:44:15 p.m. Transportó a SHAK hacia Mapa34 X:24 Y:66
16/11/2013 06:44:15 p.m. Transportó a SHAK hacia Mapa34 X:22 Y:66
16/11/2013 06:44:15 p.m. Transportó a SHAK hacia Mapa34 X:23 Y:66
16/11/2013 06:44:49 p.m. /LLUVIA
16/11/2013 06:44:50 p.m. /LLUVIA
16/11/2013 06:44:50 p.m. /LLUVIA
16/11/2013 06:44:50 p.m. /LLUVIA
16/11/2013 06:44:50 p.m. /LLUVIA
16/11/2013 06:44:50 p.m. /LLUVIA
16/11/2013 06:44:51 p.m. /LLUVIA
16/11/2013 06:45:54 p.m. Transportó a SHAK hacia Mapa34 X:27 Y:68
16/11/2013 06:45:54 p.m. Transportó a SHAK hacia Mapa34 X:29 Y:73
16/11/2013 06:45:57 p.m. Transportó a SHAK hacia Mapa34 X:29 Y:73
16/11/2013 06:46:01 p.m. Transportó a SHAK hacia Mapa34 X:23 Y:66
16/11/2013 06:46:02 p.m. Transportó a SHAK hacia Mapa34 X:18 Y:62
16/11/2013 06:46:02 p.m. Transportó a SHAK hacia Mapa34 X:24 Y:59
16/11/2013 06:46:02 p.m. Transportó a SHAK hacia Mapa34 X:30 Y:55
16/11/2013 06:46:03 p.m. Transportó a SHAK hacia Mapa34 X:37 Y:54
16/11/2013 06:46:03 p.m. Transportó a SHAK hacia Mapa34 X:42 Y:53
16/11/2013 06:46:03 p.m. Transportó a SHAK hacia Mapa34 X:41 Y:48
16/11/2013 06:46:04 p.m. Transportó a SHAK hacia Mapa34 X:40 Y:44
